<?xml version="1.0" encoding="UTF-8"?>
<!-- Generated by org.testng.reporters.JUnitXMLReporter -->
<testsuite ignored="1" hostname="SAWAN" failures="0" tests="1" name="Default test" time="5.522" errors="0" timestamp="2026-02-28T11:38:09 IST">
  <testcase classname="com.practice.restapi.SpringRestApiApplicationTests" name="testFindByName" time="0.168"/>
  <testcase classname="com.practice.restapi.SpringRestApiApplicationTests" name="testRepository" time="0.0">
    <ignored/>
  </testcase> <!-- testRepository -->
</testsuite> <!-- Default test -->
