<?xml version="1.0" encoding="UTF-8"?>
<testng-results ignored="1" total="2" passed="1" failed="0" skipped="0">
  <reporter-output>
  </reporter-output>
  <suite started-at="2026-02-28T11:38:04 IST" name="Default suite" finished-at="2026-02-28T11:38:09 IST" duration-ms="5522">
    <groups>
    </groups>
    <test started-at="2026-02-28T11:38:04 IST" name="Default test" finished-at="2026-02-28T11:38:09 IST" duration-ms="5522">
      <class name="com.practice.restapi.SpringRestApiApplicationTests">
        <test-method is-config="true" signature="springTestContextBeforeTestClass()[pri:0, instance:com.practice.restapi.SpringRestApiApplicationTests@2a2c13a8]" started-at="2026-02-28T11:38:04 IST" name="springTestContextBeforeTestClass" finished-at="2026-02-28T11:38:04 IST" duration-ms="15" status="PASS">
          <reporter-output>
          </reporter-output>
        </test-method> <!-- springTestContextBeforeTestClass -->
        <test-method is-config="true" signature="springTestContextPrepareTestInstance()[pri:0, instance:com.practice.restapi.SpringRestApiApplicationTests@2a2c13a8]" started-at="2026-02-28T11:38:04 IST" name="springTestContextPrepareTestInstance" finished-at="2026-02-28T11:38:08 IST" depends-on-methods="org.springframework.test.context.testng.AbstractTestNGSpringContextTests.springTestContextBeforeTestClass" duration-ms="4920" status="PASS">
          <reporter-output>
          </reporter-output>
        </test-method> <!-- springTestContextPrepareTestInstance -->
        <test-method is-config="true" signature="springTestContextBeforeTestMethod(java.lang.reflect.Method)[pri:0, instance:com.practice.restapi.SpringRestApiApplicationTests@2a2c13a8]" started-at="2026-02-28T11:38:09 IST" name="springTestContextBeforeTestMethod" finished-at="2026-02-28T11:38:09 IST" duration-ms="373" status="PASS">
          <params>
            <param index="0">
              <value>
                <![CDATA[public void com.practice.restapi.SpringRestApiApplicationTests.testFindByName()]]>
              </value>
            </param>
          </params>
          <reporter-output>
          </reporter-output>
        </test-method> <!-- springTestContextBeforeTestMethod -->
        <test-method signature="testFindByName()[pri:0, instance:com.practice.restapi.SpringRestApiApplicationTests@2a2c13a8]" started-at="2026-02-28T11:38:09 IST" name="testFindByName" finished-at="2026-02-28T11:38:09 IST" duration-ms="168" status="PASS">
          <reporter-output>
          </reporter-output>
        </test-method> <!-- testFindByName -->
        <test-method is-config="true" signature="springTestContextAfterTestMethod(java.lang.reflect.Method)[pri:0, instance:com.practice.restapi.SpringRestApiApplicationTests@2a2c13a8]" started-at="2026-02-28T11:38:09 IST" name="springTestContextAfterTestMethod" finished-at="2026-02-28T11:38:09 IST" duration-ms="5" status="PASS">
          <params>
            <param index="0">
              <value>
                <![CDATA[public void com.practice.restapi.SpringRestApiApplicationTests.testFindByName()]]>
              </value>
            </param>
          </params>
          <reporter-output>
          </reporter-output>
        </test-method> <!-- springTestContextAfterTestMethod -->
        <test-method is-config="true" signature="springTestContextAfterTestClass()[pri:0, instance:com.practice.restapi.SpringRestApiApplicationTests@2a2c13a8]" started-at="2026-02-28T11:38:09 IST" name="springTestContextAfterTestClass" finished-at="2026-02-28T11:38:09 IST" duration-ms="1" status="PASS">
          <reporter-output>
          </reporter-output>
        </test-method> <!-- springTestContextAfterTestClass -->
      </class> <!-- com.practice.restapi.SpringRestApiApplicationTests -->
    </test> <!-- Default test -->
  </suite> <!-- Default suite -->
</testng-results>
